[debug] [2024-09-20T16:03:42.925Z] ----------------------------------------------------------------------
[debug] [2024-09-20T16:03:42.929Z] Command:       C:\Program Files\nodejs\node.exe C:\Users\신동준\AppData\Roaming\npm\node_modules\firebase-tools\lib\bin\firebase.js init
[debug] [2024-09-20T16:03:42.930Z] CLI Version:   13.18.0
[debug] [2024-09-20T16:03:42.930Z] Platform:      win32
[debug] [2024-09-20T16:03:42.930Z] Node Version:  v20.17.0
[debug] [2024-09-20T16:03:42.931Z] Time:          Sat Sep 21 2024 01:03:42 GMT+0900 (대한민국 표준시)
[debug] [2024-09-20T16:03:42.931Z] ----------------------------------------------------------------------
[debug] 
[debug] [2024-09-20T16:03:42.941Z] > command requires scopes: ["email","openid","https://www.googleapis.com/auth/cloudplatformprojects.readonly","https://www.googleapis.com/auth/firebase","https://www.googleapis.com/auth/cloud-platform"]
[debug] [2024-09-20T16:03:42.942Z] > authorizing via signed-in user (rhddb0128@gmail.com)
[info] 
     ######## #### ########  ######## ########     ###     ######  ########
     ##        ##  ##     ## ##       ##     ##  ##   ##  ##       ##
     ######    ##  ########  ######   ########  #########  ######  ######
     ##        ##  ##    ##  ##       ##     ## ##     ##       ## ##
     ##       #### ##     ## ######## ########  ##     ##  ######  ########

You're about to initialize a Firebase project in this directory:

  C:\Users\신동준\Documents\GitHub\twitter-clone

[info] 
=== Project Setup
[info] 
[info] First, let's associate this project directory with a Firebase project.
[info] You can create multiple project aliases by running firebase use --add, 
[info] but for now we'll just set up a default project.
[info] 
[debug] [2024-09-20T16:04:05.142Z] >>> [apiv2][query] GET https://firebase.googleapis.com/v1beta1/projects pageSize=100
[debug] [2024-09-20T16:04:05.806Z] <<< [apiv2][status] GET https://firebase.googleapis.com/v1beta1/projects 200
[debug] [2024-09-20T16:04:05.806Z] <<< [apiv2][body] GET https://firebase.googleapis.com/v1beta1/projects [omitted]
[info] i  Using project learningclub-1a213 (learningClub) 
[info] 
=== Hosting Setup
[debug] [2024-09-20T16:04:09.069Z] >>> [apiv2][query] GET https://firebase.googleapis.com/v1beta1/projects/learningclub-1a213 [none]
[debug] [2024-09-20T16:04:09.401Z] <<< [apiv2][status] GET https://firebase.googleapis.com/v1beta1/projects/learningclub-1a213 200
[debug] [2024-09-20T16:04:09.401Z] <<< [apiv2][body] GET https://firebase.googleapis.com/v1beta1/projects/learningclub-1a213 {"projectId":"learningclub-1a213","projectNumber":"995952753786","displayName":"learningClub","name":"projects/learningclub-1a213","resources":{"hostingSite":"learningclub-1a213"},"state":"ACTIVE","etag":"1_ecc0f847-e963-44b8-97ec-d25382aac8f5"}
[info] 
[info] Your public directory is the folder (relative to your project directory) that
[info] will contain Hosting assets to be uploaded with firebase deploy. If you
[info] have a build process for your assets, use your build's output directory.
[info] 
[debug] [2024-09-20T16:04:20.721Z] >>> [apiv2][query] GET https://www.gstatic.com/firebasejs/releases.json [none]
[debug] [2024-09-20T16:04:20.907Z] <<< [apiv2][status] GET https://www.gstatic.com/firebasejs/releases.json 200
[debug] [2024-09-20T16:04:20.908Z] <<< [apiv2][body] GET https://www.gstatic.com/firebasejs/releases.json {"current":{"version":"10.13.2","browserURL":"https://www.gstatic.com/firebasejs/10.13.2/firebase.js","packageURL":"https://www.gstatic.com/firebasejs/10.13.2/firebase.tgz"},"live":{"version":"10.13","browserURL":"https://www.gstatic.com/firebasejs/live/10.13/firebase.js","packageURL":"https://www.gstatic.com/firebasejs/live/10.13/firebase.tgz"},"components":{"analytics":"https://www.gstatic.com/firebasejs/10.13.2/firebase-analytics.js","app":"https://www.gstatic.com/firebasejs/10.13.2/firebase-app.js","app-check":"https://www.gstatic.com/firebasejs/10.13.2/firebase-app-check.js","auth":"https://www.gstatic.com/firebasejs/10.13.2/firebase-auth.js","auth/cordova":"https://www.gstatic.com/firebasejs/10.13.2/firebase-auth/cordova.js","auth/web-extension":"https://www.gstatic.com/firebasejs/10.13.2/firebase-auth/web-extension.js","functions":"https://www.gstatic.com/firebasejs/10.13.2/firebase-functions.js","firestore":"https://www.gstatic.com/firebasejs/10.13.2/firebase-firestore.js","firestore/lite":"https://www.gstatic.com/firebasejs/10.13.2/firebase-firestore/lite.js","installations":"https://www.gstatic.com/firebasejs/10.13.2/firebase-installations.js","storage":"https://www.gstatic.com/firebasejs/10.13.2/firebase-storage.js","performance":"https://www.gstatic.com/firebasejs/10.13.2/firebase-performance.js","remote-config":"https://www.gstatic.com/firebasejs/10.13.2/firebase-remote-config.js","messaging":"https://www.gstatic.com/firebasejs/10.13.2/firebase-messaging.js","messaging/sw":"https://www.gstatic.com/firebasejs/10.13.2/firebase-messaging/sw.js","database":"https://www.gstatic.com/firebasejs/10.13.2/firebase-database.js","vertexai-preview":"https://www.gstatic.com/firebasejs/10.13.2/firebase-vertexai-preview.js","firestore.memory":"https://www.gstatic.com/firebasejs/10.13.2/firebase-firestore.memory.js"}}
[info] +  Wrote public/index.html 
[info] 
[info] i  Detected a .git folder at C:\Users\신동준\Documents\GitHub\twitter-clone 
[info] i  Authorizing with GitHub to upload your service account to a GitHub repository's secrets store. 
[info] 
[info] Visit this URL on this device to log in:
[info] https://github.com/login/oauth/authorize?client_id=89cf50f02ac6aaed3484&state=551579169&redirect_uri=http%3A%2F%2Flocalhost%3A9005&scope=read%3Auser%20repo%20public_repo
[info] 
[info] Waiting for authentication...
[debug] [2024-09-20T16:04:25.313Z] >>> [apiv2][query] POST https://github.com/login/oauth/access_token [none]
[debug] [2024-09-20T16:04:25.313Z] >>> [apiv2][body] POST https://github.com/login/oauth/access_token [stream]
[debug] [2024-09-20T16:04:25.690Z] <<< [apiv2][status] POST https://github.com/login/oauth/access_token 200
[debug] [2024-09-20T16:04:25.690Z] <<< [apiv2][body] POST https://github.com/login/oauth/access_token {"access_token":"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","token_type":"bearer","scope":"read:user,repo"}
[debug] [2024-09-20T16:04:25.695Z] >>> [apiv2][query] GET https://api.github.com/user [none]
[debug] [2024-09-20T16:04:25.993Z] <<< [apiv2][status] GET https://api.github.com/user 200
[debug] [2024-09-20T16:04:25.993Z] <<< [apiv2][body] GET https://api.github.com/user {"login":"dongjun0128","id":70315475,"node_id":"MDQ6VXNlcjcwMzE1NDc1","avatar_url":"https://avatars.githubusercontent.com/u/70315475?v=4","gravatar_id":"","url":"https://api.github.com/users/dongjun0128","html_url":"https://github.com/dongjun0128","followers_url":"https://api.github.com/users/dongjun0128/followers","following_url":"https://api.github.com/users/dongjun0128/following{/other_user}","gists_url":"https://api.github.com/users/dongjun0128/gists{/gist_id}","starred_url":"https://api.github.com/users/dongjun0128/starred{/owner}{/repo}","subscriptions_url":"https://api.github.com/users/dongjun0128/subscriptions","organizations_url":"https://api.github.com/users/dongjun0128/orgs","repos_url":"https://api.github.com/users/dongjun0128/repos","events_url":"https://api.github.com/users/dongjun0128/events{/privacy}","received_events_url":"https://api.github.com/users/dongjun0128/received_events","type":"User","site_admin":false,"name":null,"company":null,"blog":"","location":null,"email":null,"hireable":null,"bio":null,"twitter_username":null,"notification_email":null,"public_repos":36,"public_gists":1,"followers":10,"following":11,"created_at":"2020-08-27T07:50:09Z","updated_at":"2024-09-20T15:08:10Z","private_gists":0,"total_private_repos":3,"owned_private_repos":3,"disk_usage":203571,"collaborators":0,"two_factor_authentication":true,"plan":{"name":"free","space":976562499,"collaborators":0,"private_repos":10000}}
[info] 
[info] +  Success! Logged into GitHub as dongjun0128 
[info] 
[debug] [2024-09-20T16:05:26.769Z] >>> [apiv2][query] GET https://api.github.com/repos/Learning-Club-9th/twitter-clone/actions/secrets/public-key type=owner
[debug] [2024-09-20T16:05:27.144Z] <<< [apiv2][status] GET https://api.github.com/repos/Learning-Club-9th/twitter-clone/actions/secrets/public-key 403
[debug] [2024-09-20T16:05:27.144Z] <<< [apiv2][body] GET https://api.github.com/repos/Learning-Club-9th/twitter-clone/actions/secrets/public-key {"message":"Must have admin rights to Repository.","documentation_url":"https://docs.github.com/rest/actions/secrets#get-a-repository-public-key","status":"403"}
[info] 
[info] 
[error] !  The provided authorization cannot be used with this repository. If this repository is in an organization, did you remember to grant access? 
[info] 
[info] i  Action required: Visit this URL to ensure access has been granted to the appropriate organization(s) for the Firebase CLI GitHub OAuth App: 
[info] https://github.com/settings/connections/applications/89cf50f02ac6aaed3484
[info] 
[debug] [2024-09-20T16:05:33.763Z] >>> [apiv2][query] GET https://api.github.com/repos/Learning-Club-9th/twitter-clone/actions/secrets/public-key type=owner
[debug] [2024-09-20T16:05:34.031Z] <<< [apiv2][status] GET https://api.github.com/repos/Learning-Club-9th/twitter-clone/actions/secrets/public-key 403
[debug] [2024-09-20T16:05:34.031Z] <<< [apiv2][body] GET https://api.github.com/repos/Learning-Club-9th/twitter-clone/actions/secrets/public-key {"message":"Must have admin rights to Repository.","documentation_url":"https://docs.github.com/rest/actions/secrets#get-a-repository-public-key","status":"403"}
[info] 
[info] 
[error] !  The provided authorization cannot be used with this repository. If this repository is in an organization, did you remember to grant access? 
[info] 
[info] i  Action required: Visit this URL to ensure access has been granted to the appropriate organization(s) for the Firebase CLI GitHub OAuth App: 
[info] https://github.com/settings/connections/applications/89cf50f02ac6aaed3484
[info] 
[debug] [2024-09-20T16:05:36.005Z] >>> [apiv2][query] GET https://api.github.com/repos/Learning-Club-9th/twitter-clone/actions/secrets/public-key type=owner
[debug] [2024-09-20T16:05:36.273Z] <<< [apiv2][status] GET https://api.github.com/repos/Learning-Club-9th/twitter-clone/actions/secrets/public-key 403
[debug] [2024-09-20T16:05:36.273Z] <<< [apiv2][body] GET https://api.github.com/repos/Learning-Club-9th/twitter-clone/actions/secrets/public-key {"message":"Must have admin rights to Repository.","documentation_url":"https://docs.github.com/rest/actions/secrets#get-a-repository-public-key","status":"403"}
[info] 
[info] 
[error] !  The provided authorization cannot be used with this repository. If this repository is in an organization, did you remember to grant access? 
[info] 
[info] i  Action required: Visit this URL to ensure access has been granted to the appropriate organization(s) for the Firebase CLI GitHub OAuth App: 
[info] https://github.com/settings/connections/applications/89cf50f02ac6aaed3484
[info] 
[debug] [2024-09-20T16:05:43.084Z] >>> [apiv2][query] GET https://api.github.com/repos//actions/secrets/public-key type=owner
[debug] [2024-09-20T16:05:43.416Z] <<< [apiv2][status] GET https://api.github.com/repos//actions/secrets/public-key 404
[debug] [2024-09-20T16:05:43.416Z] <<< [apiv2][body] GET https://api.github.com/repos//actions/secrets/public-key {"message":"Not Found","documentation_url":"https://docs.github.com/rest","status":"404"}
[info] 
[info] 
[error] !  The provided authorization cannot be used with this repository. If this repository is in an organization, did you remember to grant access? 
[info] 
[info] i  Action required: Visit this URL to ensure access has been granted to the appropriate organization(s) for the Firebase CLI GitHub OAuth App: 
[info] https://github.com/settings/connections/applications/89cf50f02ac6aaed3484
[info] 
[debug] [2024-09-20T16:05:43.894Z] >>> [apiv2][query] GET https://api.github.com/repos//actions/secrets/public-key type=owner
[debug] [2024-09-20T16:05:44.118Z] <<< [apiv2][status] GET https://api.github.com/repos//actions/secrets/public-key 404
[debug] [2024-09-20T16:05:44.118Z] <<< [apiv2][body] GET https://api.github.com/repos//actions/secrets/public-key {"message":"Not Found","documentation_url":"https://docs.github.com/rest","status":"404"}
[info] 
[info] 
[error] !  The provided authorization cannot be used with this repository. If this repository is in an organization, did you remember to grant access? 
[info] 
[info] i  Action required: Visit this URL to ensure access has been granted to the appropriate organization(s) for the Firebase CLI GitHub OAuth App: 
[info] https://github.com/settings/connections/applications/89cf50f02ac6aaed3484
[info] 
[debug] [2024-09-20T16:05:54.014Z] >>> [apiv2][query] GET https://api.github.com/repos/dongjun0128/writter-clone/actions/secrets/public-key type=owner
[debug] [2024-09-20T16:05:54.339Z] <<< [apiv2][status] GET https://api.github.com/repos/dongjun0128/writter-clone/actions/secrets/public-key 404
[debug] [2024-09-20T16:05:54.339Z] <<< [apiv2][body] GET https://api.github.com/repos/dongjun0128/writter-clone/actions/secrets/public-key {"message":"Not Found","documentation_url":"https://docs.github.com/rest/actions/secrets#get-a-repository-public-key","status":"404"}
[info] 
[info] 
[error] !  The provided authorization cannot be used with this repository. If this repository is in an organization, did you remember to grant access? 
[info] 
[info] i  Action required: Visit this URL to ensure access has been granted to the appropriate organization(s) for the Firebase CLI GitHub OAuth App: 
[info] https://github.com/settings/connections/applications/89cf50f02ac6aaed3484
[info] 
[debug] [2024-09-20T16:06:21.686Z] >>> [apiv2][query] GET https://api.github.com/repos/quit/actions/secrets/public-key type=owner
[debug] [2024-09-20T16:06:22.023Z] <<< [apiv2][status] GET https://api.github.com/repos/quit/actions/secrets/public-key 404
[debug] [2024-09-20T16:06:22.023Z] <<< [apiv2][body] GET https://api.github.com/repos/quit/actions/secrets/public-key {"message":"Not Found","documentation_url":"https://docs.github.com/rest","status":"404"}
[info] 
[info] 
[error] !  The provided authorization cannot be used with this repository. If this repository is in an organization, did you remember to grant access? 
[info] 
[info] i  Action required: Visit this URL to ensure access has been granted to the appropriate organization(s) for the Firebase CLI GitHub OAuth App: 
[info] https://github.com/settings/connections/applications/89cf50f02ac6aaed3484
[info] 
